Vintersim project
=================
* Version 0.5.0 - 2013-11-19:
----------------
Include:
	vinter_control 	0.2.0 
	vinter_msgs		0.1.0
	vinter_sim		0.2.0
	vinter_utils	0.3.0
Changes:
	vinter_control:
		c Renamed node 'laser_base_controller' to 'laser_array_controller'
		c 'Simple_intersection_reduced' node replaced by 'laser_array_controller'
	vinter_utils:
		+ Stage configured to always show data
		+ Three more robots added to world file
		+ Costmaps remaped to intersection namespace		
------------------------------------------------
* Version 0.4.1 - 2013-09-10:
----------------
Include:
	vinter_control 	0.1.0 
	vinter_msgs		0.1.0
	vinter_sim		0.2.0
	vinter_utils	0.2.1
Changes:
	vinter_utils:
		+ Added /use_sim_time param to allow launching costmap_2d node		
------------------------------------------------
* Version 0.4.0 - 2013-09-05:
----------------
Include:
	vinter_control 	0.1.0 
	vinter_msgs		0.1.0
	vinter_sim		0.2.0
	vinter_utils	0.2.0
Changes:
	+ Added changelog
	vinter_utils:
		+ Added launch option without stage GUI
		i Use of atributte "ns" when including costmap_params file
		c Renamed costmap_params.launch to costmap_params.xml